# JRE version: OpenJDK Runtime Environment (8.0_242-b01) (build 1.8.0_242-release-1644-b01)
# Java VM: OpenJDK 64-Bit Server VM (25.242-b01 mixed mode windows-amd64 compressed oops)
Heap:
 PSYoungGen      total 314368K, used 164578K [0x00000000d5580000, 0x00000000efa00000, 0x0000000100000000)
  eden space 267776K, 47% used [0x00000000d5580000,0x00000000dd109638,0x00000000e5b00000)
  from space 46592K, 81% used [0x00000000e5b00000,0x00000000e802f4b0,0x00000000e8880000)
  to   space 50688K, 0% used [0x00000000ec880000,0x00000000ec880000,0x00000000efa00000)
 ParOldGen       total 334336K, used 59023K [0x0000000080000000, 0x0000000094680000, 0x00000000d5580000)
  object space 334336K, 17% used [0x0000000080000000,0x00000000839a3d48,0x0000000094680000)
 Metaspace       used 104072K, capacity 110708K, committed 111064K, reserved 1144832K
  class space    used 13925K, capacity 15233K, committed 15360K, reserved 1048576K
GC Heap History (10 events):
Event: 212.720 GC heap before
{Heap before GC invocations=19 (full 3):
 PSYoungGen      total 269824K, used 269795K [0x00000000d5580000, 0x00000000ec180000, 0x0000000100000000)
  eden space 238592K, 100% used [0x00000000d5580000,0x00000000e3e80000,0x00000000e3e80000)
  from space 31232K, 99% used [0x00000000e3e80000,0x00000000e5cf8d10,0x00000000e5d00000)
  to   space 37888K, 0% used [0x00000000e9c80000,0x00000000e9c80000,0x00000000ec180000)
 ParOldGen       total 235520K, used 41926K [0x0000000080000000, 0x000000008e600000, 0x00000000d5580000)
  object space 235520K, 17% used [0x0000000080000000,0x00000000828f1b00,0x000000008e600000)
 Metaspace       used 90202K, capacity 95022K, committed 95320K, reserved 1132544K
  class space    used 11868K, capacity 12842K, committed 12928K, reserved 1048576K
Event: 212.744 GC heap after
Heap after GC invocations=19 (full 3):
 PSYoungGen      total 270336K, used 37856K [0x00000000d5580000, 0x00000000ec180000, 0x0000000100000000)
  eden space 232448K, 0% used [0x00000000d5580000,0x00000000d5580000,0x00000000e3880000)
  from space 37888K, 99% used [0x00000000e9c80000,0x00000000ec178100,0x00000000ec180000)
  to   space 48128K, 0% used [0x00000000e6380000,0x00000000e6380000,0x00000000e9280000)
 ParOldGen       total 235520K, used 54683K [0x0000000080000000, 0x000000008e600000, 0x00000000d5580000)
  object space 235520K, 23% used [0x0000000080000000,0x0000000083566e50,0x000000008e600000)
 Metaspace       used 90202K, capacity 95022K, committed 95320K, reserved 1132544K
  class space    used 11868K, capacity 12842K, committed 12928K, reserved 1048576K
}
Event: 213.718 GC heap before
{Heap before GC invocations=20 (full 3):
 PSYoungGen      total 270336K, used 199419K [0x00000000d5580000, 0x00000000ec180000, 0x0000000100000000)
  eden space 232448K, 69% used [0x00000000d5580000,0x00000000df346e48,0x00000000e3880000)
  from space 37888K, 99% used [0x00000000e9c80000,0x00000000ec178100,0x00000000ec180000)
  to   space 48128K, 0% used [0x00000000e6380000,0x00000000e6380000,0x00000000e9280000)
 ParOldGen       total 235520K, used 54683K [0x0000000080000000, 0x000000008e600000, 0x00000000d5580000)
  object space 235520K, 23% used [0x0000000080000000,0x0000000083566e50,0x000000008e600000)
 Metaspace       used 93285K, capacity 98244K, committed 98380K, reserved 1134592K
  class space    used 12232K, capacity 13239K, committed 13312K, reserved 1048576K
Event: 213.732 GC heap after
Heap after GC invocations=20 (full 3):
 PSYoungGen      total 283648K, used 15136K [0x00000000d5580000, 0x00000000eb580000, 0x0000000100000000)
  eden space 268288K, 0% used [0x00000000d5580000,0x00000000d5580000,0x00000000e5b80000)
  from space 15360K, 98% used [0x00000000e6380000,0x00000000e7248250,0x00000000e7280000)
  to   space 46080K, 0% used [0x00000000e8880000,0x00000000e8880000,0x00000000eb580000)
 ParOldGen       total 235520K, used 69333K [0x0000000080000000, 0x000000008e600000, 0x00000000d5580000)
  object space 235520K, 29% used [0x0000000080000000,0x00000000843b5568,0x000000008e600000)
 Metaspace       used 93285K, capacity 98244K, committed 98380K, reserved 1134592K
  class space    used 12232K, capacity 13239K, committed 13312K, reserved 1048576K
}
Event: 213.732 GC heap before
{Heap before GC invocations=21 (full 4):
 PSYoungGen      total 283648K, used 15136K [0x00000000d5580000, 0x00000000eb580000, 0x0000000100000000)
  eden space 268288K, 0% used [0x00000000d5580000,0x00000000d5580000,0x00000000e5b80000)
  from space 15360K, 98% used [0x00000000e6380000,0x00000000e7248250,0x00000000e7280000)
  to   space 46080K, 0% used [0x00000000e8880000,0x00000000e8880000,0x00000000eb580000)
 ParOldGen       total 235520K, used 69333K [0x0000000080000000, 0x000000008e600000, 0x00000000d5580000)
  object space 235520K, 29% used [0x0000000080000000,0x00000000843b5568,0x000000008e600000)
 Metaspace       used 93285K, capacity 98244K, committed 98380K, reserved 1134592K
  class space    used 12232K, capacity 13239K, committed 13312K, reserved 1048576K
Event: 213.849 GC heap after
Heap after GC invocations=21 (full 4):
 PSYoungGen      total 283648K, used 0K [0x00000000d5580000, 0x00000000eb580000, 0x0000000100000000)
  eden space 268288K, 0% used [0x00000000d5580000,0x00000000d5580000,0x00000000e5b80000)
  from space 15360K, 0% used [0x00000000e6380000,0x00000000e6380000,0x00000000e7280000)
  to   space 46080K, 0% used [0x00000000e8880000,0x00000000e8880000,0x00000000eb580000)
 ParOldGen       total 334336K, used 59007K [0x0000000080000000, 0x0000000094680000, 0x00000000d5580000)
  object space 334336K, 17% used [0x0000000080000000,0x000000008399fd48,0x0000000094680000)
 Metaspace       used 92877K, capacity 97104K, committed 98380K, reserved 1134592K
  class space    used 12102K, capacity 13009K, committed 13312K, reserved 1048576K
}
Event: 216.579 GC heap before
{Heap before GC invocations=22 (full 4):
 PSYoungGen      total 283648K, used 268288K [0x00000000d5580000, 0x00000000eb580000, 0x0000000100000000)
  eden space 268288K, 100% used [0x00000000d5580000,0x00000000e5b80000,0x00000000e5b80000)
  from space 15360K, 0% used [0x00000000e6380000,0x00000000e6380000,0x00000000e7280000)
  to   space 46080K, 0% used [0x00000000e8880000,0x00000000e8880000,0x00000000eb580000)
 ParOldGen       total 334336K, used 59007K [0x0000000080000000, 0x0000000094680000, 0x00000000d5580000)
  object space 334336K, 17% used [0x0000000080000000,0x000000008399fd48,0x0000000094680000)
 Metaspace       used 98705K, capacity 104060K, committed 104152K, reserved 1138688K
  class space    used 12972K, capacity 14035K, committed 14080K, reserved 1048576K
Event: 216.591 GC heap after
Heap after GC invocations=22 (full 4):
 PSYoungGen      total 313856K, used 27566K [0x00000000d5580000, 0x00000000ee200000, 0x0000000100000000)
  eden space 267776K, 0% used [0x00000000d5580000,0x00000000d5580000,0x00000000e5b00000)
  from space 46080K, 59% used [0x00000000e8880000,0x00000000ea36b810,0x00000000eb580000)
  to   space 46592K, 0% used [0x00000000e5b00000,0x00000000e5b00000,0x00000000e8880000)
 ParOldGen       total 334336K, used 59015K [0x0000000080000000, 0x0000000094680000, 0x00000000d5580000)
  object space 334336K, 17% used [0x0000000080000000,0x00000000839a1d48,0x0000000094680000)
 Metaspace       used 98705K, capacity 104060K, committed 104152K, reserved 1138688K
  class space    used 12972K, capacity 14035K, committed 14080K, reserved 1048576K
}
Event: 217.019 GC heap before
{Heap before GC invocations=23 (full 4):
 PSYoungGen      total 313856K, used 295342K [0x00000000d5580000, 0x00000000ee200000, 0x0000000100000000)
  eden space 267776K, 100% used [0x00000000d5580000,0x00000000e5b00000,0x00000000e5b00000)
  from space 46080K, 59% used [0x00000000e8880000,0x00000000ea36b810,0x00000000eb580000)
  to   space 46592K, 0% used [0x00000000e5b00000,0x00000000e5b00000,0x00000000e8880000)
 ParOldGen       total 334336K, used 59015K [0x0000000080000000, 0x0000000094680000, 0x00000000d5580000)
  object space 334336K, 17% used [0x0000000080000000,0x00000000839a1d48,0x0000000094680000)
 Metaspace       used 103958K, capacity 110558K, committed 110680K, reserved 1144832K
  class space    used 13915K, capacity 15228K, committed 15232K, reserved 1048576K
Event: 217.035 GC heap after
Heap after GC invocations=23 (full 4):
 PSYoungGen      total 314368K, used 38077K [0x00000000d5580000, 0x00000000efa00000, 0x0000000100000000)
  eden space 267776K, 0% used [0x00000000d5580000,0x00000000d5580000,0x00000000e5b00000)
  from space 46592K, 81% used [0x00000000e5b00000,0x00000000e802f4b0,0x00000000e8880000)
  to   space 50688K, 0% used [0x00000000ec880000,0x00000000ec880000,0x00000000efa00000)
 ParOldGen       total 334336K, used 59023K [0x0000000080000000, 0x0000000094680000, 0x00000000d5580000)
  object space 334336K, 17% used [0x0000000080000000,0x00000000839a3d48,0x0000000094680000)
 Metaspace       used 103958K, capacity 110558K, committed 110680K, reserved 1144832K
  class space    used 13915K, capacity 15228K, committed 15232K, reserved 1048576K
}

