# JRE version: OpenJDK Runtime Environment (8.0_242-b01) (build 1.8.0_242-release-1644-b01)
# Java VM: OpenJDK 64-Bit Server VM (25.242-b01 mixed mode windows-amd64 compressed oops)
Heap:
 PSYoungGen      total 454656K, used 103940K [0x00000000d5580000, 0x00000000f3b00000, 0x0000000100000000)
  eden space 425472K, 17% used [0x00000000d5580000,0x00000000d9e88338,0x00000000ef500000)
  from space 29184K, 99% used [0x00000000f1e00000,0x00000000f3a78d70,0x00000000f3a80000)
  to   space 35840K, 0% used [0x00000000ef500000,0x00000000ef500000,0x00000000f1800000)
 ParOldGen       total 193024K, used 49092K [0x0000000080000000, 0x000000008bc80000, 0x00000000d5580000)
  object space 193024K, 25% used [0x0000000080000000,0x0000000082ff13d0,0x000000008bc80000)
 Metaspace       used 89072K, capacity 95254K, committed 95512K, reserved 1132544K
  class space    used 12137K, capacity 13279K, committed 13360K, reserved 1048576K
GC Heap History (10 events):
Event: 3.235 GC heap before
{Heap before GC invocations=9 (full 2):
 PSYoungGen      total 241664K, used 226816K [0x00000000d5580000, 0x00000000e5100000, 0x0000000100000000)
  eden space 226816K, 100% used [0x00000000d5580000,0x00000000e3300000,0x00000000e3300000)
  from space 14848K, 0% used [0x00000000e4280000,0x00000000e4280000,0x00000000e5100000)
  to   space 15360K, 0% used [0x00000000e3300000,0x00000000e3300000,0x00000000e4200000)
 ParOldGen       total 130560K, used 14751K [0x0000000080000000, 0x0000000087f80000, 0x00000000d5580000)
  object space 130560K, 11% used [0x0000000080000000,0x0000000080e67ce8,0x0000000087f80000)
 Metaspace       used 45434K, capacity 47320K, committed 47528K, reserved 1089536K
  class space    used 6156K, capacity 6512K, committed 6576K, reserved 1048576K
Event: 3.254 GC heap after
Heap after GC invocations=9 (full 2):
 PSYoungGen      total 242176K, used 15352K [0x00000000d5580000, 0x00000000edc80000, 0x0000000100000000)
  eden space 226816K, 0% used [0x00000000d5580000,0x00000000d5580000,0x00000000e3300000)
  from space 15360K, 99% used [0x00000000e3300000,0x00000000e41fe060,0x00000000e4200000)
  to   space 18432K, 0% used [0x00000000eca80000,0x00000000eca80000,0x00000000edc80000)
 ParOldGen       total 130560K, used 16788K [0x0000000080000000, 0x0000000087f80000, 0x00000000d5580000)
  object space 130560K, 12% used [0x0000000080000000,0x0000000081065118,0x0000000087f80000)
 Metaspace       used 45434K, capacity 47320K, committed 47528K, reserved 1089536K
  class space    used 6156K, capacity 6512K, committed 6576K, reserved 1048576K
}
Event: 4.051 GC heap before
{Heap before GC invocations=10 (full 2):
 PSYoungGen      total 242176K, used 157890K [0x00000000d5580000, 0x00000000edc80000, 0x0000000100000000)
  eden space 226816K, 62% used [0x00000000d5580000,0x00000000de0b29f0,0x00000000e3300000)
  from space 15360K, 99% used [0x00000000e3300000,0x00000000e41fe060,0x00000000e4200000)
  to   space 18432K, 0% used [0x00000000eca80000,0x00000000eca80000,0x00000000edc80000)
 ParOldGen       total 130560K, used 16788K [0x0000000080000000, 0x0000000087f80000, 0x00000000d5580000)
  object space 130560K, 12% used [0x0000000080000000,0x0000000081065118,0x0000000087f80000)
 Metaspace       used 56708K, capacity 59140K, committed 59160K, reserved 1099776K
  class space    used 7765K, capacity 8235K, committed 8240K, reserved 1048576K
Event: 4.066 GC heap after
Heap after GC invocations=10 (full 2):
 PSYoungGen      total 375296K, used 18415K [0x00000000d5580000, 0x00000000ee000000, 0x0000000100000000)
  eden space 356864K, 0% used [0x00000000d5580000,0x00000000d5580000,0x00000000eb200000)
  from space 18432K, 99% used [0x00000000eca80000,0x00000000edc7bf10,0x00000000edc80000)
  to   space 23552K, 0% used [0x00000000eb200000,0x00000000eb200000,0x00000000ec900000)
 ParOldGen       total 130560K, used 22976K [0x0000000080000000, 0x0000000087f80000, 0x00000000d5580000)
  object space 130560K, 17% used [0x0000000080000000,0x0000000081670388,0x0000000087f80000)
 Metaspace       used 56708K, capacity 59140K, committed 59160K, reserved 1099776K
  class space    used 7765K, capacity 8235K, committed 8240K, reserved 1048576K
}
Event: 4.066 GC heap before
{Heap before GC invocations=11 (full 3):
 PSYoungGen      total 375296K, used 18415K [0x00000000d5580000, 0x00000000ee000000, 0x0000000100000000)
  eden space 356864K, 0% used [0x00000000d5580000,0x00000000d5580000,0x00000000eb200000)
  from space 18432K, 99% used [0x00000000eca80000,0x00000000edc7bf10,0x00000000edc80000)
  to   space 23552K, 0% used [0x00000000eb200000,0x00000000eb200000,0x00000000ec900000)
 ParOldGen       total 130560K, used 22976K [0x0000000080000000, 0x0000000087f80000, 0x00000000d5580000)
  object space 130560K, 17% used [0x0000000080000000,0x0000000081670388,0x0000000087f80000)
 Metaspace       used 56708K, capacity 59140K, committed 59160K, reserved 1099776K
  class space    used 7765K, capacity 8235K, committed 8240K, reserved 1048576K
Event: 4.191 GC heap after
Heap after GC invocations=11 (full 3):
 PSYoungGen      total 375296K, used 0K [0x00000000d5580000, 0x00000000ee000000, 0x0000000100000000)
  eden space 356864K, 0% used [0x00000000d5580000,0x00000000d5580000,0x00000000eb200000)
  from space 18432K, 0% used [0x00000000eca80000,0x00000000eca80000,0x00000000edc80000)
  to   space 23552K, 0% used [0x00000000eb200000,0x00000000eb200000,0x00000000ec900000)
 ParOldGen       total 193024K, used 36339K [0x0000000080000000, 0x000000008bc80000, 0x00000000d5580000)
  object space 193024K, 18% used [0x0000000080000000,0x000000008237cfe0,0x000000008bc80000)
 Metaspace       used 56634K, capacity 58888K, committed 59160K, reserved 1099776K
  class space    used 7742K, capacity 8193K, committed 8240K, reserved 1048576K
}
Event: 6.838 GC heap before
{Heap before GC invocations=12 (full 3):
 PSYoungGen      total 375296K, used 356864K [0x00000000d5580000, 0x00000000ee000000, 0x0000000100000000)
  eden space 356864K, 100% used [0x00000000d5580000,0x00000000eb200000,0x00000000eb200000)
  from space 18432K, 0% used [0x00000000eca80000,0x00000000eca80000,0x00000000edc80000)
  to   space 23552K, 0% used [0x00000000eb200000,0x00000000eb200000,0x00000000ec900000)
 ParOldGen       total 193024K, used 36339K [0x0000000080000000, 0x000000008bc80000, 0x00000000d5580000)
  object space 193024K, 18% used [0x0000000080000000,0x000000008237cfe0,0x000000008bc80000)
 Metaspace       used 69918K, capacity 73838K, committed 74136K, reserved 1114112K
  class space    used 9613K, capacity 10298K, committed 10416K, reserved 1048576K
Event: 6.854 GC heap after
Heap after GC invocations=12 (full 3):
 PSYoungGen      total 380416K, used 23547K [0x00000000d5580000, 0x00000000f3a80000, 0x0000000100000000)
  eden space 356864K, 0% used [0x00000000d5580000,0x00000000d5580000,0x00000000eb200000)
  from space 23552K, 99% used [0x00000000eb200000,0x00000000ec8fede8,0x00000000ec900000)
  to   space 29184K, 0% used [0x00000000f1e00000,0x00000000f1e00000,0x00000000f3a80000)
 ParOldGen       total 193024K, used 41099K [0x0000000080000000, 0x000000008bc80000, 0x00000000d5580000)
  object space 193024K, 21% used [0x0000000080000000,0x0000000082822c30,0x000000008bc80000)
 Metaspace       used 69918K, capacity 73838K, committed 74136K, reserved 1114112K
  class space    used 9613K, capacity 10298K, committed 10416K, reserved 1048576K
}
Event: 44.601 GC heap before
{Heap before GC invocations=13 (full 3):
 PSYoungGen      total 380416K, used 380411K [0x00000000d5580000, 0x00000000f3a80000, 0x0000000100000000)
  eden space 356864K, 100% used [0x00000000d5580000,0x00000000eb200000,0x00000000eb200000)
  from space 23552K, 99% used [0x00000000eb200000,0x00000000ec8fede8,0x00000000ec900000)
  to   space 29184K, 0% used [0x00000000f1e00000,0x00000000f1e00000,0x00000000f3a80000)
 ParOldGen       total 193024K, used 41099K [0x0000000080000000, 0x000000008bc80000, 0x00000000d5580000)
  object space 193024K, 21% used [0x0000000080000000,0x0000000082822c30,0x000000008bc80000)
 Metaspace       used 81929K, capacity 86502K, committed 86680K, reserved 1124352K
  class space    used 10869K, capacity 11651K, committed 11696K, reserved 1048576K
Event: 44.644 GC heap after
Heap after GC invocations=13 (full 3):
 PSYoungGen      total 454656K, used 29155K [0x00000000d5580000, 0x00000000f3b00000, 0x0000000100000000)
  eden space 425472K, 0% used [0x00000000d5580000,0x00000000d5580000,0x00000000ef500000)
  from space 29184K, 99% used [0x00000000f1e00000,0x00000000f3a78d70,0x00000000f3a80000)
  to   space 35840K, 0% used [0x00000000ef500000,0x00000000ef500000,0x00000000f1800000)
 ParOldGen       total 193024K, used 49092K [0x0000000080000000, 0x000000008bc80000, 0x00000000d5580000)
  object space 193024K, 25% used [0x0000000080000000,0x0000000082ff13d0,0x000000008bc80000)
 Metaspace       used 81929K, capacity 86502K, committed 86680K, reserved 1124352K
  class space    used 10869K, capacity 11651K, committed 11696K, reserved 1048576K
}

