# JRE version: OpenJDK Runtime Environment (8.0_242-b01) (build 1.8.0_242-release-1644-b01)
# Java VM: OpenJDK 64-Bit Server VM (25.242-b01 mixed mode windows-amd64 compressed oops)
Heap:
 PSYoungGen      total 320512K, used 128891K [0x00000000d5580000, 0x00000000ed480000, 0x0000000100000000)
  eden
GC Heap History (10 events):
Event: 7.677 GC heap before
{Heap before GC invocations=12 (full 2):
 PSYoungGen      total 236544K, used 26774K [0x00000000d5580000, 0x00000000e6680000, 0x0000000100000000)
  eden space 225280K, 6% used [0x00000000d5580000,0x00000000d64a8578,0x00000000e3180000)
  from space 11264K, 99% used [0x00000000e3180000,0x00000000e3c7d300,0x00000000e3c80000)
  to   space 18944K, 0% used [0x00000000e5400000,0x00000000e5400000,0x00000000e6680000)
 ParOldGen       total 120832K, used 30669K [0x0000000080000000, 0x0000000087600000, 0x00000000d5580000)
  object space 120832K, 25% used [0x0000000080000000,0x0000000081df3570,0x0000000087600000)
 Metaspace       used 56708K, capacity 59152K, committed 59160K, reserved 1099776K
  class space    used 7765K, capacity 8237K, committed 8240K, reserved 1048576K
Event: 7.683 GC heap after
Heap after GC invocations=12 (full 2):
 PSYoungGen      total 261120K, used 8548K [0x00000000d5580000, 0x00000000eaa00000, 0x0000000100000000)
  eden space 242176K, 0% used [0x00000000d5580000,0x00000000d5580000,0x00000000e4200000)
  from space 18944K, 45% used [0x00000000e5400000,0x00000000e5c592c0,0x00000000e6680000)
  to   space 18432K, 0% used [0x00000000e4200000,0x00000000e4200000,0x00000000e5400000)
 ParOldGen       total 120832K, used 34587K [0x0000000080000000, 0x0000000087600000, 0x00000000d5580000)
  object space 120832K, 28% used [0x0000000080000000,0x00000000821c6e70,0x0000000087600000)
 Metaspace       used 56708K, capacity 59152K, committed 59160K, reserved 1099776K
  class space    used 7765K, capacity 8237K, committed 8240K, reserved 1048576K
}
Event: 7.683 GC heap before
{Heap before GC invocations=13 (full 3):
 PSYoungGen      total 261120K, used 8548K [0x00000000d5580000, 0x00000000eaa00000, 0x0000000100000000)
  eden space 242176K, 0% used [0x00000000d5580000,0x00000000d5580000,0x00000000e4200000)
  from space 18944K, 45% used [0x00000000e5400000,0x00000000e5c592c0,0x00000000e6680000)
  to   space 18432K, 0% used [0x00000000e4200000,0x00000000e4200000,0x00000000e5400000)
 ParOldGen       total 120832K, used 34587K [0x0000000080000000, 0x0000000087600000, 0x00000000d5580000)
  object space 120832K, 28% used [0x0000000080000000,0x00000000821c6e70,0x0000000087600000)
 Metaspace       used 56708K, capacity 59152K, committed 59160K, reserved 1099776K
  class space    used 7765K, capacity 8237K, committed 8240K, reserved 1048576K
Event: 7.819 GC heap after
Heap after GC invocations=13 (full 3):
 PSYoungGen      total 261120K, used 0K [0x00000000d5580000, 0x00000000eaa00000, 0x0000000100000000)
  eden space 242176K, 0% used [0x00000000d5580000,0x00000000d5580000,0x00000000e4200000)
  from space 18944K, 0% used [0x00000000e5400000,0x00000000e5400000,0x00000000e6680000)
  to   space 18432K, 0% used [0x00000000e4200000,0x00000000e4200000,0x00000000e5400000)
 ParOldGen       total 177152K, used 29284K [0x0000000080000000, 0x000000008ad00000, 0x00000000d5580000)
  object space 177152K, 16% used [0x0000000080000000,0x0000000081c99238,0x000000008ad00000)
 Metaspace       used 56630K, capacity 58888K, committed 59160K, reserved 1099776K
  class space    used 7741K, capacity 8193K, committed 8240K, reserved 1048576K
}
Event: 9.100 GC heap before
{Heap before GC invocations=14 (full 3):
 PSYoungGen      total 261120K, used 242176K [0x00000000d5580000, 0x00000000eaa00000, 0x0000000100000000)
  eden space 242176K, 100% used [0x00000000d5580000,0x00000000e4200000,0x00000000e4200000)
  from space 18944K, 0% used [0x00000000e5400000,0x00000000e5400000,0x00000000e6680000)
  to   space 18432K, 0% used [0x00000000e4200000,0x00000000e4200000,0x00000000e5400000)
 ParOldGen       total 177152K, used 29284K [0x0000000080000000, 0x000000008ad00000, 0x00000000d5580000)
  object space 177152K, 16% used [0x0000000080000000,0x0000000081c99238,0x000000008ad00000)
 Metaspace       used 69186K, capacity 73150K, committed 73368K, reserved 1112064K
  class space    used 9619K, capacity 10323K, committed 10416K, reserved 1048576K
Event: 9.110 GC heap after
Heap after GC invocations=14 (full 3):
 PSYoungGen      total 260608K, used 18414K [0x00000000d5580000, 0x00000000ea780000, 0x0000000100000000)
  eden space 242176K, 0% used [0x00000000d5580000,0x00000000d5580000,0x00000000e4200000)
  from space 18432K, 99% used [0x00000000e4200000,0x00000000e53fbb38,0x00000000e5400000)
  to   space 22528K, 0% used [0x00000000e9180000,0x00000000e9180000,0x00000000ea780000)
 ParOldGen       total 177152K, used 35075K [0x0000000080000000, 0x000000008ad00000, 0x00000000d5580000)
  object space 177152K, 19% used [0x0000000080000000,0x0000000082240e00,0x000000008ad00000)
 Metaspace       used 69186K, capacity 73150K, committed 73368K, reserved 1112064K
  class space    used 9619K, capacity 10323K, committed 10416K, reserved 1048576K
}
Event: 46.537 GC heap before
{Heap before GC invocations=15 (full 3):
 PSYoungGen      total 260608K, used 260590K [0x00000000d5580000, 0x00000000ea780000, 0x0000000100000000)
  eden space 242176K, 100% used [0x00000000d5580000,0x00000000e4200000,0x00000000e4200000)
  from space 18432K, 99% used [0x00000000e4200000,0x00000000e53fbb38,0x00000000e5400000)
  to   space 22528K, 0% used [0x00000000e9180000,0x00000000e9180000,0x00000000ea780000)
 ParOldGen       total 177152K, used 35075K [0x0000000080000000, 0x000000008ad00000, 0x00000000d5580000)
  object space 177152K, 19% used [0x0000000080000000,0x0000000082240e00,0x000000008ad00000)
 Metaspace       used 87094K, capacity 92492K, committed 92568K, reserved 1128448K
  class space    used 12018K, capacity 12976K, committed 12976K, reserved 1048576K
Event: 46.553 GC heap after
Heap after GC invocations=15 (full 3):
 PSYoungGen      total 313856K, used 21790K [0x00000000d5580000, 0x00000000ea700000, 0x0000000100000000)
  eden space 291840K, 0% used [0x00000000d5580000,0x00000000d5580000,0x00000000e7280000)
  from space 22016K, 98% used [0x00000000e9180000,0x00000000ea6c79b8,0x00000000ea700000)
  to   space 25088K, 0% used [0x00000000e7600000,0x00000000e7600000,0x00000000e8e80000)
 ParOldGen       total 177152K, used 51474K [0x0000000080000000, 0x000000008ad00000, 0x00000000d5580000)
  object space 177152K, 29% used [0x0000000080000000,0x00000000832449a0,0x000000008ad00000)
 Metaspace       used 87094K, capacity 92492K, committed 92568K, reserved 1128448K
  class space    used 12018K, capacity 12976K, committed 12976K, reserved 1048576K
}
Event: 91.957 GC heap before
{Heap before GC invocations=16 (full 3):
 PSYoungGen      total 313856K, used 313630K [0x00000000d5580000, 0x00000000ea700000, 0x0000000100000000)
  eden space 291840K, 100% used [0x00000000d5580000,0x00000000e7280000,0x00000000e7280000)
  from space 22016K, 98% used [0x00000000e9180000,0x00000000ea6c79b8,0x00000000ea700000)
  to   space 25088K, 0% used [0x00000000e7600000,0x00000000e7600000,0x00000000e8e80000)
 ParOldGen       total 177152K, used 51474K [0x0000000080000000, 0x000000008ad00000, 0x00000000d5580000)
  object space 177152K, 29% used [0x0000000080000000,0x00000000832449a0,0x000000008ad00000)
 Metaspace       used 88636K, capacity 94220K, committed 94488K, reserved 1130496K
  class space    used 12058K, capacity 13036K, committed 13104K, reserved 1048576K
Event: 91.970 GC heap after
Heap after GC invocations=16 (full 3):
 PSYoungGen      total 320512K, used 17265K [0x00000000d5580000, 0x00000000ed480000, 0x0000000100000000)
  eden space 295424K, 0% used [0x00000000d5580000,0x00000000d5580000,0x00000000e7600000)
  from space 25088K, 68% used [0x00000000e7600000,0x00000000e86dc630,0x00000000e8e80000)
  to   space 25600K, 0% used [0x00000000ebb80000,0x00000000ebb80000,0x00000000ed480000)
 ParOldGen       total 177152K, used 51482K [0x0000000080000000, 0x000000008ad00000, 0x00000000d5580000)
  object space 177152K, 29% used [0x0000000080000000,0x00000000832469a0,0x000000008ad00000)
 Metaspace       used 88636K, capacity 94220K, committed 94488K, reserved 1130496K
  class space    used 12058K, capacity 13036K, committed 13104K, reserved 1048576K
}

